<?xml version="1.0" encoding="UTF-8"?>
<!-- Generated by org.testng.reporters.JUnitReportReporter -->
<testsuite skipped="0" hostname="SHPC0DUXL5-L" name="com.baoying.testproject.HelloTest.AppTest" tests="1" failures="0" timestamp="29 七月 2017 06:30:03 GMT" time="0.005" errors="0">
  <testcase name="Test" time="0.005" classname="com.baoying.testproject.HelloTest.AppTest"/>
</testsuite> <!-- com.baoying.testproject.HelloTest.AppTest -->
